<?xml version="1.0" encoding="UTF-8"?>
<!-- Generated by org.testng.reporters.JUnitReportReporter -->
<testsuite skipped="0" hostname="DESKTOP-0T0R9VD" name="com.automatedtester.qa.TC001_Chapter1_ValidateDropdown" tests="1" failures="0" timestamp="12 sep 2020 13:28:33 GMT" time="6.552" errors="0">
  <testcase name="f" time="6.552" classname="com.automatedtester.qa.TC001_Chapter1_ValidateDropdown"/>
</testsuite> <!-- com.automatedtester.qa.TC001_Chapter1_ValidateDropdown -->
