<?xml version="1.0" encoding="UTF-8"?>
<!-- Generated by org.testng.reporters.JUnitReportReporter -->
<testsuite skipped="0" hostname="WVEGA-M" name="com.automatedtester.qa.POM_TC001_Chapter1_ValidateDropdown" tests="1" failures="0" timestamp="26 sep 2020 14:24:46 GMT" time="5.031" errors="0">
  <testcase name="TC001" time="5.031" classname="com.automatedtester.qa.POM_TC001_Chapter1_ValidateDropdown"/>
</testsuite> <!-- com.automatedtester.qa.POM_TC001_Chapter1_ValidateDropdown -->
