<?xml version="1.0" encoding="UTF-8"?>
<!-- Generated by org.testng.reporters.JUnitReportReporter -->
<testsuite skipped="0" hostname="WVEGA-M" name="com.automatedtester.qa.POM_TC001_Chapter1_ValidateDropdown" tests="3" failures="0" timestamp="26 sep 2020 15:55:37 GMT" time="14.770" errors="0">
  <testcase name="TC001" time="5.041" classname="com.automatedtester.qa.POM_TC001_Chapter1_ValidateDropdown"/>
  <testcase name="TC001" time="4.865" classname="com.automatedtester.qa.POM_TC001_Chapter1_ValidateDropdown"/>
  <testcase name="TC001" time="4.864" classname="com.automatedtester.qa.POM_TC001_Chapter1_ValidateDropdown"/>
</testsuite> <!-- com.automatedtester.qa.POM_TC001_Chapter1_ValidateDropdown -->
