<?xml version="1.0" encoding="UTF-8"?>
<!-- Generated by org.testng.reporters.JUnitReportReporter -->
<testsuite skipped="0" hostname="DESKTOP-0T0R9VD" name="com.automatedtester.qa.TC001_Chapter1_ValidateDropdown" tests="1" failures="0" timestamp="05 sep 2020 15:48:16 GMT" time="6.233" errors="0">
  <testcase name="f" time="6.233" classname="com.automatedtester.qa.TC001_Chapter1_ValidateDropdown"/>
</testsuite> <!-- com.automatedtester.qa.TC001_Chapter1_ValidateDropdown -->
